  [4;36;1mSQL (0.0ms)[0m   [0;1mSET NAMES 'utf8'[0m
  [4;35;1mSQL (0.0ms)[0m   [0mSET SQL_AUTO_IS_NULL=0[0m


Processing UsersController#index (for 127.0.0.1 at 2009-08-22 21:08:03) [GET]
  [4;36;1mUser Load (0.0ms)[0m   [0;1mSELECT * FROM `users` [0m
Rendering template within layouts/users
Rendering users/index
Completed in 1812ms (View: 1500, DB: 47) | 200 OK [http://localhost/users]
  [4;35;1mSQL (0.0ms)[0m   [0mSET NAMES 'utf8'[0m
  [4;36;1mSQL (0.0ms)[0m   [0;1mSET SQL_AUTO_IS_NULL=0[0m


Processing UsersController#new (for 127.0.0.1 at 2009-08-22 21:08:08) [GET]
  [4;35;1mUser Columns (0.0ms)[0m   [0mSHOW FIELDS FROM `users`[0m
Rendering template within layouts/users
Rendering users/new
Completed in 110ms (View: 47, DB: 0) | 200 OK [http://localhost/users/new]
  [4;36;1mSQL (0.0ms)[0m   [0;1mSET NAMES 'utf8'[0m
  [4;35;1mSQL (0.0ms)[0m   [0mSET SQL_AUTO_IS_NULL=0[0m


Processing ApplicationController#index (for 127.0.0.1 at 2009-08-22 21:08:08) [GET]

ActionController::RoutingError (No route matches "/images/large/missing.png" with {:method=>:get}):
  

Rendering rescues/layout (not_found)
  [4;36;1mSQL (0.0ms)[0m   [0;1mSET NAMES 'utf8'[0m
  [4;35;1mSQL (0.0ms)[0m   [0mSET SQL_AUTO_IS_NULL=0[0m


Processing UsersController#create (for 127.0.0.1 at 2009-08-22 21:09:13) [POST]
  Parameters: {"user"=>{"nickname"=>"杜小駒", "mobile"=>"61886493", "first_name"=>"肥駒", "last_name"=>"杜", "image"=>#<File:C:/DOCUME~1/NICKTO~1/LOCALS~1/Temp/RackMultipart.3784.1>, "loginname"=>"nickto", "email"=>"nick@sofo.hk"}, "commit"=>"Update", "authenticity_token"=>"vYXNDjhNVN1BYli40yd2naWXbQsYSy7pXrABRHD8654="}
  [4;36;1mUser Columns (0.0ms)[0m   [0;1mSHOW FIELDS FROM `users`[0m
  [4;35;1mSQL (0.0ms)[0m   [0mBEGIN[0m
  [4;36;1mUser Exists (0.0ms)[0m   [0;1mSELECT `users`.id FROM `users` WHERE (`users`.`loginname` = BINARY 'nickto') LIMIT 1[0m
  [4;35;1mUser Exists (0.0ms)[0m   [0mSELECT `users`.id FROM `users` WHERE (`users`.`nickname` = BINARY '杜小駒') LIMIT 1[0m
  [4;36;1mSQL (0.0ms)[0m   [0;1mROLLBACK[0m
Rendering template within layouts/users
Rendering users/new
Completed in 21829ms (View: 47, DB: 0) | 200 OK [http://localhost/users]
  [4;35;1mSQL (0.0ms)[0m   [0mSET NAMES 'utf8'[0m
  [4;36;1mSQL (0.0ms)[0m   [0;1mSET SQL_AUTO_IS_NULL=0[0m


Processing ApplicationController#index (for 127.0.0.1 at 2009-08-22 21:09:35) [GET]
  Parameters: {"1250946555"=>nil}

ActionController::RoutingError (No route matches "/system/users/images//large/P1010078.JPG" with {:method=>:get}):
  

Rendering rescues/layout (not_found)
  [4;35;1mSQL (0.0ms)[0m   [0mSET NAMES 'utf8'[0m
  [4;36;1mSQL (0.0ms)[0m   [0;1mSET SQL_AUTO_IS_NULL=0[0m


Processing UsersController#index (for 127.0.0.1 at 2009-08-22 21:13:40) [GET]
  [4;35;1mUser Load (15.0ms)[0m   [0mSELECT * FROM `users` [0m
Rendering template within layouts/users
Rendering users/index
Completed in 62ms (View: 0, DB: 15) | 200 OK [http://localhost/users]
  [4;36;1mSQL (0.0ms)[0m   [0;1mSET NAMES 'utf8'[0m
  [4;35;1mSQL (0.0ms)[0m   [0mSET SQL_AUTO_IS_NULL=0[0m


Processing UsersController#new (for 127.0.0.1 at 2009-08-22 21:13:42) [GET]
  [4;36;1mUser Columns (0.0ms)[0m   [0;1mSHOW FIELDS FROM `users`[0m
Rendering template within layouts/users
Rendering users/new
Completed in 125ms (View: 62, DB: 0) | 200 OK [http://localhost/users/new]
  [4;35;1mSQL (0.0ms)[0m   [0mSET NAMES 'utf8'[0m
  [4;36;1mSQL (0.0ms)[0m   [0;1mSET SQL_AUTO_IS_NULL=0[0m


Processing ApplicationController#index (for 127.0.0.1 at 2009-08-22 21:13:42) [GET]

ActionController::RoutingError (No route matches "/images/large/missing.png" with {:method=>:get}):
  

Rendering rescues/layout (not_found)
  [4;35;1mSQL (0.0ms)[0m   [0mSET NAMES 'utf8'[0m
  [4;36;1mSQL (0.0ms)[0m   [0;1mSET SQL_AUTO_IS_NULL=0[0m


Processing UsersController#new (for 127.0.0.1 at 2009-08-22 21:20:10) [GET]
  [4;35;1mUser Columns (0.0ms)[0m   [0mSHOW FIELDS FROM `users`[0m
Rendering template within layouts/users
Rendering users/new
Completed in 125ms (View: 63, DB: 0) | 200 OK [http://localhost/users/new]
  [4;36;1mSQL (0.0ms)[0m   [0;1mSET NAMES 'utf8'[0m
  [4;35;1mSQL (0.0ms)[0m   [0mSET SQL_AUTO_IS_NULL=0[0m


Processing UsersController#new (for 127.0.0.1 at 2009-08-22 21:22:13) [GET]
  [4;36;1mUser Columns (0.0ms)[0m   [0;1mSHOW FIELDS FROM `users`[0m
Rendering template within layouts/users
Rendering users/new
Completed in 125ms (View: 47, DB: 0) | 200 OK [http://localhost/users/new]
  [4;35;1mSQL (0.0ms)[0m   [0mSET NAMES 'utf8'[0m
  [4;36;1mSQL (0.0ms)[0m   [0;1mSET SQL_AUTO_IS_NULL=0[0m


Processing UsersController#new (for 127.0.0.1 at 2009-08-22 21:23:07) [GET]
  [4;35;1mUser Columns (16.0ms)[0m   [0mSHOW FIELDS FROM `users`[0m
Rendering template within layouts/users
Rendering users/new
Completed in 109ms (View: 47, DB: 16) | 200 OK [http://localhost/users/new]
  [4;36;1mSQL (0.0ms)[0m   [0;1mSET NAMES 'utf8'[0m
  [4;35;1mSQL (0.0ms)[0m   [0mSET SQL_AUTO_IS_NULL=0[0m


Processing UsersController#new (for 127.0.0.1 at 2009-08-22 21:28:10) [GET]
  [4;36;1mUser Columns (0.0ms)[0m   [0;1mSHOW FIELDS FROM `users`[0m
Rendering template within layouts/users
Rendering users/new
Completed in 171ms (View: 78, DB: 0) | 200 OK [http://localhost/users/new]
  [4;35;1mSQL (0.0ms)[0m   [0mSET NAMES 'utf8'[0m
  [4;36;1mSQL (0.0ms)[0m   [0;1mSET SQL_AUTO_IS_NULL=0[0m


Processing UsersController#create (for 127.0.0.1 at 2009-08-22 21:29:12) [POST]
  Parameters: {"user"=>{"password_confirmation"=>"Abcd1234", "nickname"=>"杜小駒", "mobile"=>"61886493", "first_name"=>"肥駒", "password"=>"Abcd1234", "last_name"=>"杜", "image"=>#<File:C:/DOCUME~1/NICKTO~1/LOCALS~1/Temp/RackMultipart.3784.1>, "loginname"=>"nickto", "email"=>"nick@sofo.hk"}, "commit"=>"Create", "authenticity_token"=>"vYXNDjhNVN1BYli40yd2naWXbQsYSy7pXrABRHD8654="}
  [4;35;1mUser Columns (0.0ms)[0m   [0mSHOW FIELDS FROM `users`[0m
  [4;36;1mSQL (0.0ms)[0m   [0;1mBEGIN[0m
  [4;35;1mUser Exists (0.0ms)[0m   [0mSELECT `users`.id FROM `users` WHERE (`users`.`loginname` = BINARY 'nickto') LIMIT 1[0m
  [4;36;1mUser Exists (0.0ms)[0m   [0;1mSELECT `users`.id FROM `users` WHERE (`users`.`nickname` = BINARY '杜小駒') LIMIT 1[0m
  [4;35;1mUser Create (0.0ms)[0m   [0mINSERT INTO `users` (`salt`, `image_file_size`, `updated_at`, `hashed_password`, `nickname`, `nickname_history`, `image_content_type`, `mobile`, `first_name`, `loginname`, `last_name`, `image_updated_at`, `email`, `created_at`, `image_file_name`) VALUES('307787300.593070903000038', 3608530, '2009-08-22 13:29:31', 'a67d920b959014111447d63b2c97ff55a7235c58', '杜小駒', NULL, 'image/jpeg', 61886493, '肥駒', 'nickto', '杜', '2009-08-22 13:29:13', 'nick@sofo.hk', '2009-08-22 13:29:31', 'P1010078.JPG')[0m
[paperclip] Saving attachments.
[paperclip] saving C:/Development/sofo/public/system/users/images/1/thumb/P1010078.JPG
[paperclip] saving C:/Development/sofo/public/system/users/images/1/large/P1010078.JPG
[paperclip] saving C:/Development/sofo/public/system/users/images/1/tiny/P1010078.JPG
[paperclip] saving C:/Development/sofo/public/system/users/images/1/original/P1010078.JPG
  [4;36;1mSQL (0.0ms)[0m   [0;1mCOMMIT[0m
Redirected to http://localhost:3000/users/1
Completed in 19234ms (DB: 0) | 302 Found [http://localhost/users]
  [4;35;1mSQL (0.0ms)[0m   [0mSET NAMES 'utf8'[0m
  [4;36;1mSQL (0.0ms)[0m   [0;1mSET SQL_AUTO_IS_NULL=0[0m


Processing UsersController#show (for 127.0.0.1 at 2009-08-22 21:29:32) [GET]
  Parameters: {"id"=>"1"}
  [4;35;1mUser Columns (0.0ms)[0m   [0mSHOW FIELDS FROM `users`[0m
  [4;36;1mUser Load (0.0ms)[0m   [0;1mSELECT * FROM `users` WHERE (`users`.`id` = 1) [0m
Rendering template within layouts/users
Rendering users/show
Completed in 79ms (View: 16, DB: 0) | 200 OK [http://localhost/users/1]
  [4;35;1mSQL (0.0ms)[0m   [0mSET NAMES 'utf8'[0m
  [4;36;1mSQL (0.0ms)[0m   [0;1mSET SQL_AUTO_IS_NULL=0[0m


Processing UsersController#index (for 127.0.0.1 at 2009-08-22 21:29:38) [GET]
  [4;35;1mUser Load (0.0ms)[0m   [0mSELECT * FROM `users` [0m
Rendering template within layouts/users
Rendering users/index
  [4;36;1mUser Columns (15.0ms)[0m   [0;1mSHOW FIELDS FROM `users`[0m
Completed in 94ms (View: 0, DB: 15) | 200 OK [http://localhost/users]
  [4;35;1mSQL (0.0ms)[0m   [0mSET NAMES 'utf8'[0m
  [4;36;1mSQL (0.0ms)[0m   [0;1mSET SQL_AUTO_IS_NULL=0[0m


Processing UsersController#index (for 127.0.0.1 at 2009-08-22 21:30:42) [GET]
  [4;35;1mUser Load (0.0ms)[0m   [0mSELECT * FROM `users` [0m
Rendering template within layouts/users
Rendering users/index
  [4;36;1mUser Columns (0.0ms)[0m   [0;1mSHOW FIELDS FROM `users`[0m
Completed in 250ms (View: 47, DB: 0) | 200 OK [http://localhost/users]
  [4;35;1mSQL (0.0ms)[0m   [0mSET NAMES 'utf8'[0m
  [4;36;1mSQL (0.0ms)[0m   [0;1mSET SQL_AUTO_IS_NULL=0[0m


Processing UsersController#show (for 127.0.0.1 at 2009-08-22 21:39:09) [GET]
  Parameters: {"id"=>"1"}
  [4;35;1mUser Columns (16.0ms)[0m   [0mSHOW FIELDS FROM `users`[0m
  [4;36;1mUser Load (0.0ms)[0m   [0;1mSELECT * FROM `users` WHERE (`users`.`id` = 1) [0m
Rendering template within layouts/users
Rendering users/show

ActionView::TemplateError (You have a nil object when you didn't expect it!
You might have expected an instance of Array.
The error occurred while evaluating nil.each) on line #3 of app/views/users/show.html.erb:
1: <fieldset>
2: <legend>User Detail</legend>
3: 	<% @users.each do |user| %>	
4: 	<table id="table-type-2">
5: 		<tr>
6: 			<td clase="label">

    app/views/users/show.html.erb:3
    app/controllers/users_controller.rb:18:in `show'

Rendered rescues/_trace (344.0ms)
Rendered rescues/_request_and_response (0.0ms)
Rendering rescues/layout (internal_server_error)
  [4;35;1mSQL (0.0ms)[0m   [0mSET NAMES 'utf8'[0m
  [4;36;1mSQL (0.0ms)[0m   [0;1mSET SQL_AUTO_IS_NULL=0[0m


Processing UsersController#index (for 127.0.0.1 at 2009-08-22 21:39:41) [GET]
  [4;35;1mUser Load (0.0ms)[0m   [0mSELECT * FROM `users` [0m
Rendering template within layouts/users
Rendering users/index
  [4;36;1mUser Columns (15.0ms)[0m   [0;1mSHOW FIELDS FROM `users`[0m
Completed in 360ms (View: 32, DB: 15) | 200 OK [http://localhost/users]
  [4;35;1mSQL (0.0ms)[0m   [0mSET NAMES 'utf8'[0m
  [4;36;1mSQL (0.0ms)[0m   [0;1mSET SQL_AUTO_IS_NULL=0[0m


Processing UsersController#show (for 127.0.0.1 at 2009-08-22 21:39:43) [GET]
  Parameters: {"id"=>"1"}
  [4;35;1mUser Columns (16.0ms)[0m   [0mSHOW FIELDS FROM `users`[0m
  [4;36;1mUser Load (0.0ms)[0m   [0;1mSELECT * FROM `users` WHERE (`users`.`id` = 1) [0m
Rendering template within layouts/users
Rendering users/show

ActionView::TemplateError (You have a nil object when you didn't expect it!
You might have expected an instance of Array.
The error occurred while evaluating nil.each) on line #3 of app/views/users/show.html.erb:
1: <fieldset>
2: <legend>User Detail</legend>
3: 	<% @users.each do |user| %>	
4: 	<table id="table-type-2">
5: 		<tr>
6: 			<td clase="label">

    app/views/users/show.html.erb:3
    app/controllers/users_controller.rb:18:in `show'

Rendered rescues/_trace (296.0ms)
Rendered rescues/_request_and_response (0.0ms)
Rendering rescues/layout (internal_server_error)
  [4;35;1mSQL (0.0ms)[0m   [0mSET NAMES 'utf8'[0m
  [4;36;1mSQL (0.0ms)[0m   [0;1mSET SQL_AUTO_IS_NULL=0[0m


Processing UsersController#show (for 127.0.0.1 at 2009-08-22 21:42:22) [GET]
  Parameters: {"id"=>"1"}
  [4;35;1mUser Columns (0.0ms)[0m   [0mSHOW FIELDS FROM `users`[0m
  [4;36;1mUser Load (16.0ms)[0m   [0;1mSELECT * FROM `users` WHERE (`users`.`id` = 1) [0m
Rendering template within layouts/users
Rendering users/show
ERROR: compiling _run_erb_app47views47users47show46html46erb RAISED compile error
C:/Development/sofo/app/views/users/show.html.erb:50: syntax error, unexpected kENSURE, expecting $end
Function body:           def _run_erb_app47views47users47show46html46erb(local_assigns)
            old_output_buffer = output_buffer;;@output_buffer = '';  __in_erb_template=true ; @output_buffer.concat "<fieldset>\n"
@output_buffer.concat "<legend>User Detail</legend>\n"
@output_buffer.concat "\t<table id=\"table-type-2\">\n"
@output_buffer.concat "\t\t<tr>\n"
@output_buffer.concat "\t\t\t<td rowspan=\"2\">\n"
@output_buffer.concat "  \t\t\t"; @output_buffer.concat(( image_tag inusermessage.from_user.image.url(:thumb), :class => 'user-image', :size => "75x75" ).to_s); @output_buffer.concat "\n"
@output_buffer.concat "\t\t\t</td>\n"
@output_buffer.concat "\t\t</tr>\n"
@output_buffer.concat "\t\t<tr>\n"
@output_buffer.concat "\t\t\t<td clase=\"label\">\n"
@output_buffer.concat "\t\t\t\t<b>loginname</b></td>\n"
@output_buffer.concat "\t\t\t<td class=\"data\">\n"
@output_buffer.concat "\t\t\t\t"; @output_buffer.concat(( @users.loginname ).to_s); @output_buffer.concat "</td>\n"
@output_buffer.concat "\t\t</tr>\n"
@output_buffer.concat "\t\t<tr>\n"
@output_buffer.concat "\t\t\t<td clase=\"label\">\n"
@output_buffer.concat "\t\t\t\t<b>nickname</b></td>\n"
@output_buffer.concat "\t\t\t<td class=\"data\">\n"
@output_buffer.concat "\t\t\t\t"; @output_buffer.concat(( @users.nickname ).to_s); @output_buffer.concat "</td>\n"
@output_buffer.concat "\t\t</tr>\n"
@output_buffer.concat "\t\t<tr>\n"
@output_buffer.concat "\t\t\t<td clase=\"label\">\n"
@output_buffer.concat "\t\t\t\t<b>first_name</td>\n"
@output_buffer.concat "\t\t\t<td class=\"data\">\n"
@output_buffer.concat "\t\t\t\t"; @output_buffer.concat(( @users.first_name ).to_s); @output_buffer.concat "</td>\n"
@output_buffer.concat "\t\t</tr>\n"
@output_buffer.concat "\t\t<tr>\n"
@output_buffer.concat "\t\t\t<td clase=\"label\">\n"
@output_buffer.concat "\t\t\t\t<b>last_name</td>\n"
@output_buffer.concat "\t\t\t<td class=\"data\">\n"
@output_buffer.concat "\t\t\t\t"; @output_buffer.concat(( @users.last_name ).to_s); @output_buffer.concat "</td>\n"
@output_buffer.concat "\t\t</tr>\n"
@output_buffer.concat "\t\t<tr>\n"
@output_buffer.concat "\t\t\t<td clase=\"label\">\n"
@output_buffer.concat "\t\t\t\t<b>email</td>\n"
@output_buffer.concat "\t\t\t<td class=\"data\">\n"
@output_buffer.concat "\t\t\t\t"; @output_buffer.concat(( @users.email ).to_s); @output_buffer.concat "</td>\n"
@output_buffer.concat "\t\t</tr>\n"
@output_buffer.concat "\t\t<tr>\n"
@output_buffer.concat "\t\t\t<td clase=\"label\">\n"
@output_buffer.concat "\t\t\t\t<b>mobile</td>\n"
@output_buffer.concat "\t\t\t<td class=\"data\">\n"
@output_buffer.concat "\t\t\t\t"; @output_buffer.concat(( @users.mobile ).to_s); @output_buffer.concat "</td>\n"
@output_buffer.concat "\t\t</tr>\n"
@output_buffer.concat "\t</table>\n"
@output_buffer.concat "\t"; @output_buffer.concat(( link_to 'Edit', edit_user_path(@user) ).to_s); @output_buffer.concat " |\n"
@output_buffer.concat "\t"; @output_buffer.concat(( link_to 'Back', users_path ).to_s); @output_buffer.concat "\n"
@output_buffer.concat "\t";  end ; @output_buffer.concat "\n"
@output_buffer.concat "</fieldset>"; @output_buffer
          ensure
            self.output_buffer = old_output_buffer
          end
Backtrace: C:/Development/sofo/app/views/users/show.html.erb:50:in `compile!'
c:/ruby/lib/ruby/gems/1.8/gems/actionpack-2.3.2/lib/action_view/renderable.rb:61:in `compile'
c:/ruby/lib/ruby/gems/1.8/gems/actionpack-2.3.2/lib/action_view/renderable.rb:28:in `render'
c:/ruby/lib/ruby/gems/1.8/gems/actionpack-2.3.2/lib/action_view/template.rb:194:in `render_template'
c:/ruby/lib/ruby/gems/1.8/gems/actionpack-2.3.2/lib/action_view/base.rb:260:in `render'
c:/ruby/lib/ruby/gems/1.8/gems/actionpack-2.3.2/lib/action_view/base.rb:343:in `_render_with_layout'
c:/ruby/lib/ruby/gems/1.8/gems/actionpack-2.3.2/lib/action_view/base.rb:257:in `render'
c:/ruby/lib/ruby/gems/1.8/gems/actionpack-2.3.2/lib/action_controller/base.rb:1241:in `render_for_file'
c:/ruby/lib/ruby/gems/1.8/gems/actionpack-2.3.2/lib/action_controller/base.rb:943:in `render_without_benchmark'
c:/ruby/lib/ruby/gems/1.8/gems/actionpack-2.3.2/lib/action_controller/benchmarking.rb:51:in `render'
c:/ruby/lib/ruby/gems/1.8/gems/activesupport-2.3.2/lib/active_support/core_ext/benchmark.rb:17:in `ms'
c:/ruby/lib/ruby/gems/1.8/gems/activesupport-2.3.2/lib/active_support/core_ext/benchmark.rb:10:in `realtime'
c:/ruby/lib/ruby/gems/1.8/gems/activesupport-2.3.2/lib/active_support/core_ext/benchmark.rb:17:in `ms'
c:/ruby/lib/ruby/gems/1.8/gems/actionpack-2.3.2/lib/action_controller/benchmarking.rb:51:in `render'
c:/ruby/lib/ruby/gems/1.8/gems/actionpack-2.3.2/lib/action_controller/mime_responds.rb:135:in `send'
c:/ruby/lib/ruby/gems/1.8/gems/actionpack-2.3.2/lib/action_controller/mime_responds.rb:135:in `custom'
c:/ruby/lib/ruby/gems/1.8/gems/actionpack-2.3.2/lib/action_controller/mime_responds.rb:179:in `call'
c:/ruby/lib/ruby/gems/1.8/gems/actionpack-2.3.2/lib/action_controller/mime_responds.rb:179:in `respond'
c:/ruby/lib/ruby/gems/1.8/gems/actionpack-2.3.2/lib/action_controller/mime_responds.rb:173:in `each'
c:/ruby/lib/ruby/gems/1.8/gems/actionpack-2.3.2/lib/action_controller/mime_responds.rb:173:in `respond'
c:/ruby/lib/ruby/gems/1.8/gems/actionpack-2.3.2/lib/action_controller/mime_responds.rb:107:in `respond_to'
C:/Development/sofo/app/controllers/users_controller.rb:18:in `show'
c:/ruby/lib/ruby/gems/1.8/gems/actionpack-2.3.2/lib/action_controller/base.rb:1322:in `send'
c:/ruby/lib/ruby/gems/1.8/gems/actionpack-2.3.2/lib/action_controller/base.rb:1322:in `perform_action_without_filters'
c:/ruby/lib/ruby/gems/1.8/gems/actionpack-2.3.2/lib/action_controller/filters.rb:617:in `call_filters'
c:/ruby/lib/ruby/gems/1.8/gems/actionpack-2.3.2/lib/action_controller/filters.rb:610:in `perform_action_without_benchmark'
c:/ruby/lib/ruby/gems/1.8/gems/actionpack-2.3.2/lib/action_controller/benchmarking.rb:68:in `perform_action_without_rescue'
c:/ruby/lib/ruby/gems/1.8/gems/activesupport-2.3.2/lib/active_support/core_ext/benchmark.rb:17:in `ms'
c:/ruby/lib/ruby/gems/1.8/gems/activesupport-2.3.2/lib/active_support/core_ext/benchmark.rb:10:in `realtime'
c:/ruby/lib/ruby/gems/1.8/gems/activesupport-2.3.2/lib/active_support/core_ext/benchmark.rb:17:in `ms'
c:/ruby/lib/ruby/gems/1.8/gems/actionpack-2.3.2/lib/action_controller/benchmarking.rb:68:in `perform_action_without_rescue'
c:/ruby/lib/ruby/gems/1.8/gems/actionpack-2.3.2/lib/action_controller/rescue.rb:160:in `perform_action_without_flash'
c:/ruby/lib/ruby/gems/1.8/gems/actionpack-2.3.2/lib/action_controller/flash.rb:141:in `perform_action'
c:/ruby/lib/ruby/gems/1.8/gems/actionpack-2.3.2/lib/action_controller/base.rb:523:in `send'
c:/ruby/lib/ruby/gems/1.8/gems/actionpack-2.3.2/lib/action_controller/base.rb:523:in `process_without_filters'
c:/ruby/lib/ruby/gems/1.8/gems/actionpack-2.3.2/lib/action_controller/filters.rb:606:in `process'
c:/ruby/lib/ruby/gems/1.8/gems/actionpack-2.3.2/lib/action_controller/base.rb:391:in `process'
c:/ruby/lib/ruby/gems/1.8/gems/actionpack-2.3.2/lib/action_controller/base.rb:386:in `call'
c:/ruby/lib/ruby/gems/1.8/gems/actionpack-2.3.2/lib/action_controller/routing/route_set.rb:433:in `call'
c:/ruby/lib/ruby/gems/1.8/gems/actionpack-2.3.2/lib/action_controller/dispatcher.rb:88:in `dispatch'
c:/ruby/lib/ruby/gems/1.8/gems/actionpack-2.3.2/lib/action_controller/dispatcher.rb:111:in `_call'
c:/ruby/lib/ruby/gems/1.8/gems/actionpack-2.3.2/lib/action_controller/dispatcher.rb:82:in `initialize'
c:/ruby/lib/ruby/gems/1.8/gems/actionpack-2.3.2/lib/action_controller/vendor/rack-1.0/rack/head.rb:9:in `call'
c:/ruby/lib/ruby/gems/1.8/gems/actionpack-2.3.2/lib/action_controller/vendor/rack-1.0/rack/head.rb:9:in `call'
c:/ruby/lib/ruby/gems/1.8/gems/actionpack-2.3.2/lib/action_controller/vendor/rack-1.0/rack/methodoverride.rb:24:in `call'
c:/ruby/lib/ruby/gems/1.8/gems/actionpack-2.3.2/lib/action_controller/params_parser.rb:15:in `call'
c:/ruby/lib/ruby/gems/1.8/gems/actionpack-2.3.2/lib/action_controller/rewindable_input.rb:25:in `call'
c:/ruby/lib/ruby/gems/1.8/gems/actionpack-2.3.2/lib/action_controller/session/abstract_store.rb:122:in `call'
c:/ruby/lib/ruby/gems/1.8/gems/activerecord-2.3.2/lib/active_record/query_cache.rb:29:in `call'
c:/ruby/lib/ruby/gems/1.8/gems/activerecord-2.3.2/lib/active_record/connection_adapters/abstract/query_cache.rb:34:in `cache'
c:/ruby/lib/ruby/gems/1.8/gems/activerecord-2.3.2/lib/active_record/query_cache.rb:9:in `cache'
c:/ruby/lib/ruby/gems/1.8/gems/activerecord-2.3.2/lib/active_record/query_cache.rb:28:in `call'
c:/ruby/lib/ruby/gems/1.8/gems/activerecord-2.3.2/lib/active_record/connection_adapters/abstract/connection_pool.rb:361:in `call'
c:/ruby/lib/ruby/gems/1.8/gems/actionpack-2.3.2/lib/action_controller/reloader.rb:9:in `call'
c:/ruby/lib/ruby/gems/1.8/gems/actionpack-2.3.2/lib/action_controller/failsafe.rb:11:in `call'
c:/ruby/lib/ruby/gems/1.8/gems/actionpack-2.3.2/lib/action_controller/vendor/rack-1.0/rack/lock.rb:11:in `call'
c:/ruby/lib/ruby/gems/1.8/gems/actionpack-2.3.2/lib/action_controller/vendor/rack-1.0/rack/lock.rb:11:in `synchronize'
c:/ruby/lib/ruby/gems/1.8/gems/actionpack-2.3.2/lib/action_controller/vendor/rack-1.0/rack/lock.rb:11:in `call'
c:/ruby/lib/ruby/gems/1.8/gems/actionpack-2.3.2/lib/action_controller/dispatcher.rb:106:in `call'
c:/ruby/lib/ruby/gems/1.8/gems/rails-2.3.2/lib/rails/rack/static.rb:31:in `call'
c:/ruby/lib/ruby/gems/1.8/gems/actionpack-2.3.2/lib/action_controller/vendor/rack-1.0/rack/urlmap.rb:46:in `call'
c:/ruby/lib/ruby/gems/1.8/gems/actionpack-2.3.2/lib/action_controller/vendor/rack-1.0/rack/urlmap.rb:40:in `each'
c:/ruby/lib/ruby/gems/1.8/gems/actionpack-2.3.2/lib/action_controller/vendor/rack-1.0/rack/urlmap.rb:40:in `call'
c:/ruby/lib/ruby/gems/1.8/gems/rails-2.3.2/lib/rails/rack/log_tailer.rb:17:in `call'
c:/ruby/lib/ruby/gems/1.8/gems/actionpack-2.3.2/lib/action_controller/vendor/rack-1.0/rack/content_length.rb:13:in `call'
c:/ruby/lib/ruby/gems/1.8/gems/actionpack-2.3.2/lib/action_controller/vendor/rack-1.0/rack/chunked.rb:15:in `call'
c:/ruby/lib/ruby/gems/1.8/gems/actionpack-2.3.2/lib/action_controller/vendor/rack-1.0/rack/handler/mongrel.rb:61:in `process'
c:/ruby/lib/ruby/gems/1.8/gems/mongrel-1.1.5-x86-mswin32-60/lib/mongrel.rb:159:in `process_client'
c:/ruby/lib/ruby/gems/1.8/gems/mongrel-1.1.5-x86-mswin32-60/lib/mongrel.rb:158:in `each'
c:/ruby/lib/ruby/gems/1.8/gems/mongrel-1.1.5-x86-mswin32-60/lib/mongrel.rb:158:in `process_client'
c:/ruby/lib/ruby/gems/1.8/gems/mongrel-1.1.5-x86-mswin32-60/lib/mongrel.rb:285:in `run'
c:/ruby/lib/ruby/gems/1.8/gems/mongrel-1.1.5-x86-mswin32-60/lib/mongrel.rb:285:in `initialize'
c:/ruby/lib/ruby/gems/1.8/gems/mongrel-1.1.5-x86-mswin32-60/lib/mongrel.rb:285:in `new'
c:/ruby/lib/ruby/gems/1.8/gems/mongrel-1.1.5-x86-mswin32-60/lib/mongrel.rb:285:in `run'
c:/ruby/lib/ruby/gems/1.8/gems/mongrel-1.1.5-x86-mswin32-60/lib/mongrel.rb:268:in `initialize'
c:/ruby/lib/ruby/gems/1.8/gems/mongrel-1.1.5-x86-mswin32-60/lib/mongrel.rb:268:in `new'
c:/ruby/lib/ruby/gems/1.8/gems/mongrel-1.1.5-x86-mswin32-60/lib/mongrel.rb:268:in `run'
c:/ruby/lib/ruby/gems/1.8/gems/actionpack-2.3.2/lib/action_controller/vendor/rack-1.0/rack/handler/mongrel.rb:34:in `run'
c:/ruby/lib/ruby/gems/1.8/gems/rails-2.3.2/lib/commands/server.rb:111
c:/ruby/lib/ruby/site_ruby/1.8/rubygems/custom_require.rb:31:in `gem_original_require'
c:/ruby/lib/ruby/site_ruby/1.8/rubygems/custom_require.rb:31:in `require'
script/server:3

ActionView::TemplateError (compile error
C:/Development/sofo/app/views/users/show.html.erb:50: syntax error, unexpected kENSURE, expecting $end) on line #50 of app/views/users/show.html.erb:
47: 	<%= link_to 'Back', users_path %>
48: 	<% end %>
49: </fieldset>

    app/views/users/show.html.erb:50:in `compile!'
    app/controllers/users_controller.rb:18:in `show'

Rendered rescues/_trace (266.0ms)
Rendered rescues/_request_and_response (0.0ms)
Rendering rescues/layout (internal_server_error)
  [4;35;1mSQL (0.0ms)[0m   [0mSET NAMES 'utf8'[0m
  [4;36;1mSQL (0.0ms)[0m   [0;1mSET SQL_AUTO_IS_NULL=0[0m


Processing UsersController#show (for 127.0.0.1 at 2009-08-22 21:42:42) [GET]
  Parameters: {"id"=>"1"}
  [4;35;1mUser Columns (16.0ms)[0m   [0mSHOW FIELDS FROM `users`[0m
  [4;36;1mUser Load (0.0ms)[0m   [0;1mSELECT * FROM `users` WHERE (`users`.`id` = 1) [0m
Rendering template within layouts/users
Rendering users/show

ActionView::TemplateError (undefined local variable or method `inusermessage' for #<ActionView::Base:0x5f7f2d8>) on line #6 of app/views/users/show.html.erb:
3: 	<table id="table-type-2">
4: 		<tr>
5: 			<td rowspan="2">
6:   			<%= image_tag inusermessage.from_user.image.url(:thumb), :class => 'user-image', :size => "75x75" %>
7: 			</td>
8: 		</tr>
9: 		<tr>

    app/views/users/show.html.erb:6
    app/controllers/users_controller.rb:18:in `show'

Rendered rescues/_trace (438.0ms)
Rendered rescues/_request_and_response (0.0ms)
Rendering rescues/layout (internal_server_error)
  [4;35;1mSQL (0.0ms)[0m   [0mSET NAMES 'utf8'[0m
  [4;36;1mSQL (0.0ms)[0m   [0;1mSET SQL_AUTO_IS_NULL=0[0m


Processing UsersController#show (for 127.0.0.1 at 2009-08-22 21:43:06) [GET]
  Parameters: {"id"=>"1"}
  [4;35;1mUser Columns (15.0ms)[0m   [0mSHOW FIELDS FROM `users`[0m
  [4;36;1mUser Load (0.0ms)[0m   [0;1mSELECT * FROM `users` WHERE (`users`.`id` = 1) [0m
Rendering template within layouts/users
Rendering users/show

ActionView::TemplateError (You have a nil object when you didn't expect it!
The error occurred while evaluating nil.image) on line #6 of app/views/users/show.html.erb:
3: 	<table id="table-type-2">
4: 		<tr>
5: 			<td rowspan="2">
6:   			<%= image_tag @users.image.url(:thumb), :class => 'user-image', :size => "75x75" %>
7: 			</td>
8: 		</tr>
9: 		<tr>

    app/views/users/show.html.erb:6
    app/controllers/users_controller.rb:18:in `show'

Rendered rescues/_trace (515.0ms)
Rendered rescues/_request_and_response (0.0ms)
Rendering rescues/layout (internal_server_error)
  [4;35;1mSQL (15.0ms)[0m   [0mSET NAMES 'utf8'[0m
  [4;36;1mSQL (0.0ms)[0m   [0;1mSET SQL_AUTO_IS_NULL=0[0m


Processing UsersController#show (for 127.0.0.1 at 2009-08-22 21:43:59) [GET]
  Parameters: {"id"=>"1"}
  [4;35;1mUser Columns (16.0ms)[0m   [0mSHOW FIELDS FROM `users`[0m
  [4;36;1mUser Load (0.0ms)[0m   [0;1mSELECT * FROM `users` WHERE (`users`.`id` = 1) [0m
Rendering template within layouts/users
Rendering users/show
Completed in 125ms (View: 47, DB: 31) | 200 OK [http://localhost/users/1]
  [4;35;1mSQL (0.0ms)[0m   [0mSET NAMES 'utf8'[0m
  [4;36;1mSQL (0.0ms)[0m   [0;1mSET SQL_AUTO_IS_NULL=0[0m


Processing UsersController#show (for 127.0.0.1 at 2009-08-22 21:44:40) [GET]
  Parameters: {"id"=>"1"}
  [4;35;1mUser Columns (47.0ms)[0m   [0mSHOW FIELDS FROM `users`[0m
  [4;36;1mUser Load (0.0ms)[0m   [0;1mSELECT * FROM `users` WHERE (`users`.`id` = 1) [0m
Rendering template within layouts/users
Rendering users/show
Completed in 172ms (View: 47, DB: 47) | 200 OK [http://localhost/users/1]
  [4;35;1mSQL (0.0ms)[0m   [0mSET NAMES 'utf8'[0m
  [4;36;1mSQL (0.0ms)[0m   [0;1mSET SQL_AUTO_IS_NULL=0[0m


Processing UsersController#index (for 127.0.0.1 at 2009-08-22 21:44:45) [GET]
  [4;35;1mUser Load (0.0ms)[0m   [0mSELECT * FROM `users` [0m
Rendering template within layouts/users
Rendering users/index
  [4;36;1mUser Columns (0.0ms)[0m   [0;1mSHOW FIELDS FROM `users`[0m
Completed in 109ms (View: 31, DB: 0) | 200 OK [http://localhost/users]
  [4;35;1mSQL (0.0ms)[0m   [0mSET NAMES 'utf8'[0m
  [4;36;1mSQL (0.0ms)[0m   [0;1mSET SQL_AUTO_IS_NULL=0[0m


Processing UsersController#show (for 127.0.0.1 at 2009-08-22 21:44:47) [GET]
  Parameters: {"id"=>"1"}
  [4;35;1mUser Columns (16.0ms)[0m   [0mSHOW FIELDS FROM `users`[0m
  [4;36;1mUser Load (0.0ms)[0m   [0;1mSELECT * FROM `users` WHERE (`users`.`id` = 1) [0m
Rendering template within layouts/users
Rendering users/show
Completed in 109ms (View: 15, DB: 16) | 200 OK [http://localhost/users/1]
  [4;35;1mSQL (0.0ms)[0m   [0mSET NAMES 'utf8'[0m
  [4;36;1mSQL (0.0ms)[0m   [0;1mSET SQL_AUTO_IS_NULL=0[0m


Processing UsersController#edit (for 127.0.0.1 at 2009-08-22 21:51:13) [GET]
  Parameters: {"id"=>"1"}
  [4;35;1mUser Columns (16.0ms)[0m   [0mSHOW FIELDS FROM `users`[0m
  [4;36;1mUser Load (0.0ms)[0m   [0;1mSELECT * FROM `users` WHERE (`users`.`id` = 1) [0m
Rendering template within layouts/users
Rendering users/edit

ActionView::TemplateError (undefined local variable or method `f' for #<ActionView::Base:0x5ed3d84>) on line #4 of app/views/users/edit.html.erb:
1: <% if flash[:notice] -%>
2: 	<div id="notice"><%= flash[:notice] %></div>
3: <% end -%>
4: <%= f.error_messages %>
5: <fieldset>
6: <legend>Edit User Detail</legend>
7: 	<% form_for(@user, :url => { :action => "update" }, :html => { :multipart => true }) do |f| %>	

    app/views/users/edit.html.erb:4

Rendered rescues/_trace (250.0ms)
Rendered rescues/_request_and_response (0.0ms)
Rendering rescues/layout (internal_server_error)
  [4;35;1mSQL (0.0ms)[0m   [0mSET NAMES 'utf8'[0m
  [4;36;1mSQL (0.0ms)[0m   [0;1mSET SQL_AUTO_IS_NULL=0[0m


Processing UsersController#edit (for 127.0.0.1 at 2009-08-22 21:51:47) [GET]
  Parameters: {"id"=>"1"}
  [4;35;1mUser Columns (16.0ms)[0m   [0mSHOW FIELDS FROM `users`[0m
  [4;36;1mUser Load (0.0ms)[0m   [0;1mSELECT * FROM `users` WHERE (`users`.`id` = 1) [0m
Rendering template within layouts/users
Rendering users/edit
Completed in 141ms (View: 63, DB: 31) | 200 OK [http://localhost/users/1/edit]
  [4;35;1mSQL (0.0ms)[0m   [0mSET NAMES 'utf8'[0m
  [4;36;1mSQL (0.0ms)[0m   [0;1mSET SQL_AUTO_IS_NULL=0[0m


Processing UsersController#update (for 127.0.0.1 at 2009-08-22 21:52:03) [PUT]
  Parameters: {"user"=>{"nickname"=>"老老", "mobile"=>"61886493", "first_name"=>"肥駒", "last_name"=>"杜", "loginname"=>"nickto", "email"=>"nick@sofo.hk"}, "commit"=>"Update", "authenticity_token"=>"vYXNDjhNVN1BYli40yd2naWXbQsYSy7pXrABRHD8654=", "id"=>"1"}
  [4;35;1mUser Columns (16.0ms)[0m   [0mSHOW FIELDS FROM `users`[0m
  [4;36;1mUser Load (0.0ms)[0m   [0;1mSELECT * FROM `users` WHERE (`users`.`id` = 1) [0m
  [4;35;1mSQL (0.0ms)[0m   [0mBEGIN[0m
  [4;36;1mUser Exists (0.0ms)[0m   [0;1mSELECT `users`.id FROM `users` WHERE (`users`.`loginname` = BINARY 'nickto' AND `users`.id <> 1) LIMIT 1[0m
  [4;35;1mUser Exists (0.0ms)[0m   [0mSELECT `users`.id FROM `users` WHERE (`users`.`nickname` = BINARY '老老' AND `users`.id <> 1) LIMIT 1[0m
  [4;36;1mUser Update (0.0ms)[0m   [0;1mUPDATE `users` SET `nickname` = '老老', `updated_at` = '2009-08-22 13:52:03' WHERE `id` = 1[0m
[paperclip] Saving attachments.
  [4;35;1mSQL (0.0ms)[0m   [0mCOMMIT[0m
Redirected to http://localhost:3000/users/1
Completed in 109ms (DB: 16) | 302 Found [http://localhost/users/1]
  [4;36;1mSQL (0.0ms)[0m   [0;1mSET NAMES 'utf8'[0m
  [4;35;1mSQL (0.0ms)[0m   [0mSET SQL_AUTO_IS_NULL=0[0m


Processing UsersController#show (for 127.0.0.1 at 2009-08-22 21:52:03) [GET]
  Parameters: {"id"=>"1"}
  [4;36;1mUser Columns (16.0ms)[0m   [0;1mSHOW FIELDS FROM `users`[0m
  [4;35;1mUser Load (16.0ms)[0m   [0mSELECT * FROM `users` WHERE (`users`.`id` = 1) [0m
Rendering template within layouts/users
Rendering users/show
Completed in 93ms (View: 15, DB: 32) | 200 OK [http://localhost/users/1]
  [4;36;1mSQL (0.0ms)[0m   [0;1mSET NAMES 'utf8'[0m
  [4;35;1mSQL (0.0ms)[0m   [0mSET SQL_AUTO_IS_NULL=0[0m


Processing UsersController#index (for 127.0.0.1 at 2009-08-22 21:52:09) [GET]
  [4;36;1mUser Load (0.0ms)[0m   [0;1mSELECT * FROM `users` [0m
Rendering template within layouts/users
Rendering users/index
  [4;35;1mUser Columns (0.0ms)[0m   [0mSHOW FIELDS FROM `users`[0m
Completed in 313ms (View: 47, DB: 0) | 200 OK [http://localhost/users]
  [4;36;1mSQL (0.0ms)[0m   [0;1mSET NAMES 'utf8'[0m
  [4;35;1mSQL (0.0ms)[0m   [0mSET SQL_AUTO_IS_NULL=0[0m


Processing UsersController#show (for 127.0.0.1 at 2009-08-22 21:52:11) [GET]
  Parameters: {"id"=>"1"}
  [4;36;1mUser Columns (15.0ms)[0m   [0;1mSHOW FIELDS FROM `users`[0m
  [4;35;1mUser Load (0.0ms)[0m   [0mSELECT * FROM `users` WHERE (`users`.`id` = 1) [0m
Rendering template within layouts/users
Rendering users/show
Completed in 110ms (View: 32, DB: 15) | 200 OK [http://localhost/users/1]
  [4;36;1mSQL (0.0ms)[0m   [0;1mSET NAMES 'utf8'[0m
  [4;35;1mSQL (0.0ms)[0m   [0mSET SQL_AUTO_IS_NULL=0[0m


Processing UsersController#index (for 127.0.0.1 at 2009-08-22 21:52:21) [GET]
  [4;36;1mUser Load (16.0ms)[0m   [0;1mSELECT * FROM `users` [0m
Rendering template within layouts/users
Rendering users/index
  [4;35;1mUser Columns (0.0ms)[0m   [0mSHOW FIELDS FROM `users`[0m
Completed in 109ms (View: 31, DB: 16) | 200 OK [http://localhost/users]
  [4;36;1mSQL (0.0ms)[0m   [0;1mSET NAMES 'utf8'[0m
  [4;35;1mSQL (0.0ms)[0m   [0mSET SQL_AUTO_IS_NULL=0[0m


Processing UsersController#new (for 127.0.0.1 at 2009-08-22 22:00:56) [GET]
  [4;36;1mUser Columns (16.0ms)[0m   [0;1mSHOW FIELDS FROM `users`[0m
Rendering template within layouts/users
Rendering users/new
Completed in 109ms (View: 31, DB: 16) | 200 OK [http://localhost/users/new]
  [4;35;1mSQL (0.0ms)[0m   [0mSET NAMES 'utf8'[0m
  [4;36;1mSQL (0.0ms)[0m   [0;1mSET SQL_AUTO_IS_NULL=0[0m


Processing UsersController#create (for 127.0.0.1 at 2009-08-22 22:03:57) [POST]
  Parameters: {"user"=>{"password_confirmation"=>"Abcd1234", "nickname"=>"肥駒", "mobile"=>"60991010", "first_name"=>"肥駒", "password"=>"Abcd1234", "last_name"=>"杜", "image"=>#<File:C:/DOCUME~1/NICKTO~1/LOCALS~1/Temp/RackMultipart.3784.1>, "loginname"=>"nickto2", "email"=>"nickonline@gmail.com"}, "commit"=>"Create", "authenticity_token"=>"vYXNDjhNVN1BYli40yd2naWXbQsYSy7pXrABRHD8654="}
  [4;35;1mUser Columns (0.0ms)[0m   [0mSHOW FIELDS FROM `users`[0m
  [4;36;1mSQL (0.0ms)[0m   [0;1mBEGIN[0m
  [4;35;1mUser Exists (0.0ms)[0m   [0mSELECT `users`.id FROM `users` WHERE (`users`.`loginname` = BINARY 'nickto2') LIMIT 1[0m
  [4;36;1mUser Exists (0.0ms)[0m   [0;1mSELECT `users`.id FROM `users` WHERE (`users`.`nickname` = BINARY '肥駒') LIMIT 1[0m
  [4;35;1mUser Create (0.0ms)[0m   [0mINSERT INTO `users` (`salt`, `image_file_size`, `updated_at`, `hashed_password`, `nickname`, `nickname_history`, `image_content_type`, `mobile`, `first_name`, `loginname`, `last_name`, `image_updated_at`, `email`, `created_at`, `image_file_name`) VALUES('505235900.563846217594884', 3292976, '2009-08-22 14:04:16', 'aede85981cb645a9104e023ae819b51b3a29db79', '肥駒', NULL, 'image/jpeg', 60991010, '肥駒', 'nickto2', '杜', '2009-08-22 14:03:57', 'nickonline@gmail.com', '2009-08-22 14:04:16', 'P1010085.JPG')[0m
[paperclip] Saving attachments.
[paperclip] saving C:/Development/sofo/public/system/users/images/2/thumb/P1010085.JPG
[paperclip] saving C:/Development/sofo/public/system/users/images/2/large/P1010085.JPG
[paperclip] saving C:/Development/sofo/public/system/users/images/2/tiny/P1010085.JPG
[paperclip] saving C:/Development/sofo/public/system/users/images/2/original/P1010085.JPG
  [4;36;1mSQL (0.0ms)[0m   [0;1mCOMMIT[0m
Redirected to http://localhost:3000/users/2
Completed in 19141ms (DB: 0) | 302 Found [http://localhost/users]
  [4;35;1mSQL (0.0ms)[0m   [0mSET NAMES 'utf8'[0m
  [4;36;1mSQL (0.0ms)[0m   [0;1mSET SQL_AUTO_IS_NULL=0[0m


Processing UsersController#show (for 127.0.0.1 at 2009-08-22 22:04:16) [GET]
  Parameters: {"id"=>"2"}
  [4;35;1mUser Columns (0.0ms)[0m   [0mSHOW FIELDS FROM `users`[0m
  [4;36;1mUser Load (16.0ms)[0m   [0;1mSELECT * FROM `users` WHERE (`users`.`id` = 2) [0m
Rendering template within layouts/users
Rendering users/show
Completed in 94ms (View: 16, DB: 16) | 200 OK [http://localhost/users/2]
  [4;35;1mSQL (0.0ms)[0m   [0mSET NAMES 'utf8'[0m
  [4;36;1mSQL (0.0ms)[0m   [0;1mSET SQL_AUTO_IS_NULL=0[0m


Processing UsersController#index (for 127.0.0.1 at 2009-08-22 22:04:33) [GET]
  [4;35;1mUser Load (0.0ms)[0m   [0mSELECT * FROM `users` [0m
Rendering template within layouts/users
Rendering users/index
  [4;36;1mUser Columns (0.0ms)[0m   [0;1mSHOW FIELDS FROM `users`[0m
Completed in 109ms (View: 31, DB: 0) | 200 OK [http://localhost/users]
  [4;35;1mSQL (0.0ms)[0m   [0mSET NAMES 'utf8'[0m
  [4;36;1mSQL (0.0ms)[0m   [0;1mSET SQL_AUTO_IS_NULL=0[0m


Processing UsersController#show (for 127.0.0.1 at 2009-08-22 22:24:15) [GET]
  Parameters: {"id"=>"1"}
  [4;35;1mUser Columns (16.0ms)[0m   [0mSHOW FIELDS FROM `users`[0m
  [4;36;1mUser Load (0.0ms)[0m   [0;1mSELECT * FROM `users` WHERE (`users`.`id` = 1) [0m
Rendering template within layouts/users
Rendering users/show
Completed in 282ms (View: 47, DB: 16) | 200 OK [http://localhost/users/1]
  [4;35;1mSQL (0.0ms)[0m   [0mSET NAMES 'utf8'[0m
  [4;36;1mSQL (15.0ms)[0m   [0;1mSET SQL_AUTO_IS_NULL=0[0m


Processing UsersController#index (for 127.0.0.1 at 2009-08-22 22:24:18) [GET]
  [4;35;1mUser Load (0.0ms)[0m   [0mSELECT * FROM `users` [0m
Rendering template within layouts/users
Rendering users/index
  [4;36;1mUser Columns (0.0ms)[0m   [0;1mSHOW FIELDS FROM `users`[0m
Completed in 109ms (View: 47, DB: 15) | 200 OK [http://localhost/users]
  [4;35;1mSQL (0.0ms)[0m   [0mSET NAMES 'utf8'[0m
  [4;36;1mSQL (0.0ms)[0m   [0;1mSET SQL_AUTO_IS_NULL=0[0m


Processing UsersController#edit (for 127.0.0.1 at 2009-08-22 22:24:20) [GET]
  Parameters: {"id"=>"1"}
  [4;35;1mUser Columns (15.0ms)[0m   [0mSHOW FIELDS FROM `users`[0m
  [4;36;1mUser Load (0.0ms)[0m   [0;1mSELECT * FROM `users` WHERE (`users`.`id` = 1) [0m
Rendering template within layouts/users
Rendering users/edit
Completed in 141ms (View: 63, DB: 15) | 200 OK [http://localhost/users/1/edit]
  [4;35;1mSQL (0.0ms)[0m   [0mSET NAMES 'utf8'[0m
  [4;36;1mSQL (0.0ms)[0m   [0;1mSET SQL_AUTO_IS_NULL=0[0m


Processing UsersController#1 (for 127.0.0.1 at 2009-08-22 22:24:26) [GET]
  Parameters: {"id"=>"message"}

ActionController::UnknownAction (No action responded to 1. Actions: create, destroy, edit, index, message, new, show, and update):
  

Rendering rescues/layout (not_found)
  [4;35;1mSQL (0.0ms)[0m   [0mSET NAMES 'utf8'[0m
  [4;36;1mSQL (0.0ms)[0m   [0;1mSET SQL_AUTO_IS_NULL=0[0m


Processing ApplicationController#index (for 127.0.0.1 at 2009-08-22 22:33:48) [GET]

ActionController::RoutingError (No route matches "/users//message1" with {:method=>:get}):
  

Rendering rescues/layout (not_found)
  [4;35;1mSQL (0.0ms)[0m   [0mSET NAMES 'utf8'[0m
  [4;36;1mSQL (16.0ms)[0m   [0;1mSET SQL_AUTO_IS_NULL=0[0m


Processing UsersController#message (for 127.0.0.1 at 2009-08-22 22:33:55) [GET]
  Parameters: {"id"=>"1"}
  [4;35;1mUsermessage Columns (46.0ms)[0m   [0mSHOW FIELDS FROM `usermessages`[0m
  [4;36;1mUsermessage Load (0.0ms)[0m   [0;1mSELECT * FROM `usermessages` WHERE (`usermessages`.`to_user_id` = '1') [0m
  [4;35;1mUsermessage Load (0.0ms)[0m   [0mSELECT * FROM `usermessages` WHERE (`usermessages`.`from_user_id` = '1') [0m
Rendering template within layouts/users
Rendering users/message
Completed in 156ms (View: 47, DB: 62) | 200 OK [http://localhost/users/message/1]
  [4;36;1mSQL (0.0ms)[0m   [0;1mSET NAMES 'utf8'[0m
  [4;35;1mSQL (0.0ms)[0m   [0mSET SQL_AUTO_IS_NULL=0[0m


Processing UsersController#message (for 127.0.0.1 at 2009-08-22 22:36:32) [GET]
  Parameters: {"id"=>"1"}
  [4;36;1mUsermessage Columns (0.0ms)[0m   [0;1mSHOW FIELDS FROM `usermessages`[0m
  [4;35;1mUsermessage Load (0.0ms)[0m   [0mSELECT * FROM `usermessages` WHERE (`usermessages`.`to_user_id` = '1') [0m
  [4;36;1mUsermessage Load (0.0ms)[0m   [0;1mSELECT * FROM `usermessages` WHERE (`usermessages`.`from_user_id` = '1') [0m
Rendering template within layouts/users
Rendering users/message
Completed in 110ms (View: 63, DB: 0) | 200 OK [http://localhost/users/message/1]
  [4;35;1mSQL (0.0ms)[0m   [0mSET NAMES 'utf8'[0m
  [4;36;1mSQL (0.0ms)[0m   [0;1mSET SQL_AUTO_IS_NULL=0[0m


Processing UsersController#send_message (for 127.0.0.1 at 2009-08-22 22:36:59) [POST]
  Parameters: {"commit"=>"Send", "authenticity_token"=>"vYXNDjhNVN1BYli40yd2naWXbQsYSy7pXrABRHD8654=", "usermessage"=>{"message"=>"多多指教", "title"=>"第一次見面", "to_user_name"=>"nickto2"}}
  [4;35;1mUser Columns (0.0ms)[0m   [0mSHOW FIELDS FROM `users`[0m
  [4;36;1mSQL (0.0ms)[0m   [0;1mSHOW TABLES[0m

NoMethodError (undefined method `find_by_name' for #<Class:0x5e81da4>):
  app/controllers/users_controller.rb:99:in `send_message'

Rendered rescues/_trace (484.0ms)
Rendered rescues/_request_and_response (0.0ms)
Rendering rescues/layout (internal_server_error)
  [4;35;1mSQL (0.0ms)[0m   [0mSET NAMES 'utf8'[0m
  [4;36;1mSQL (0.0ms)[0m   [0;1mSET SQL_AUTO_IS_NULL=0[0m


Processing UsersController#send_message (for 127.0.0.1 at 2009-08-22 22:39:36) [POST]
  Parameters: {"commit"=>"Send", "authenticity_token"=>"vYXNDjhNVN1BYli40yd2naWXbQsYSy7pXrABRHD8654=", "usermessage"=>{"message"=>"多多指教", "title"=>"第一次見面", "to_user_name"=>"nickto2"}}
  [4;35;1mUser Columns (15.0ms)[0m   [0mSHOW FIELDS FROM `users`[0m
  [4;36;1mUser Load (16.0ms)[0m   [0;1mSELECT * FROM `users` WHERE (`users`.`loginname` = 'nickto2') LIMIT 1[0m
  [4;35;1mUsermessage Columns (0.0ms)[0m   [0mSHOW FIELDS FROM `usermessages`[0m
  [4;36;1mSQL (0.0ms)[0m   [0;1mBEGIN[0m
  [4;35;1mUsermessage Create (0.0ms)[0m   [0mMysql::Error: Column 'from_user_id' cannot be null: INSERT INTO `usermessages` (`message`, `updated_at`, `title`, `to_user_id`, `from_user_id`, `created_at`) VALUES('多多指教', '2009-08-22 14:39:36', '第一次見面', 2, NULL, '2009-08-22 14:39:36')[0m
  [4;36;1mSQL (0.0ms)[0m   [0;1mROLLBACK[0m

ActiveRecord::StatementInvalid (Mysql::Error: Column 'from_user_id' cannot be null: INSERT INTO `usermessages` (`message`, `updated_at`, `title`, `to_user_id`, `from_user_id`, `created_at`) VALUES('多多指教', '2009-08-22 14:39:36', '第一次見面', 2, NULL, '2009-08-22 14:39:36')):
  app/controllers/users_controller.rb:106:in `send_message'
  app/controllers/users_controller.rb:101:in `send_message'

Rendered rescues/_trace (312.0ms)
Rendered rescues/_request_and_response (0.0ms)
Rendering rescues/layout (internal_server_error)
  [4;35;1mSQL (0.0ms)[0m   [0mSET NAMES 'utf8'[0m
  [4;36;1mSQL (0.0ms)[0m   [0;1mSET SQL_AUTO_IS_NULL=0[0m


Processing UsersController#message (for 127.0.0.1 at 2009-08-22 22:39:51) [GET]
  Parameters: {"id"=>"1"}
  [4;35;1mUsermessage Columns (15.0ms)[0m   [0mSHOW FIELDS FROM `usermessages`[0m
  [4;36;1mUsermessage Load (16.0ms)[0m   [0;1mSELECT * FROM `usermessages` WHERE (`usermessages`.`to_user_id` = '1') [0m
  [4;35;1mUsermessage Load (0.0ms)[0m   [0mSELECT * FROM `usermessages` WHERE (`usermessages`.`from_user_id` = '1') [0m
Rendering template within layouts/users
Rendering users/message
Completed in 140ms (View: 62, DB: 47) | 200 OK [http://localhost/users/message/1]
  [4;36;1mSQL (15.0ms)[0m   [0;1mSET NAMES 'utf8'[0m
  [4;35;1mSQL (0.0ms)[0m   [0mSET SQL_AUTO_IS_NULL=0[0m


Processing UsersController#message (for 127.0.0.1 at 2009-08-22 22:39:54) [GET]
  Parameters: {"id"=>"1"}
  [4;36;1mUsermessage Columns (0.0ms)[0m   [0;1mSHOW FIELDS FROM `usermessages`[0m
  [4;35;1mUsermessage Load (0.0ms)[0m   [0mSELECT * FROM `usermessages` WHERE (`usermessages`.`to_user_id` = '1') [0m
  [4;36;1mUsermessage Load (0.0ms)[0m   [0;1mSELECT * FROM `usermessages` WHERE (`usermessages`.`from_user_id` = '1') [0m
Rendering template within layouts/users
Rendering users/message
Completed in 79ms (View: 16, DB: 15) | 200 OK [http://localhost/users/message/1]
  [4;35;1mSQL (0.0ms)[0m   [0mSET NAMES 'utf8'[0m
  [4;36;1mSQL (0.0ms)[0m   [0;1mSET SQL_AUTO_IS_NULL=0[0m


Processing UsersController#send_message (for 127.0.0.1 at 2009-08-22 22:39:58) [POST]
  Parameters: {"commit"=>"Send", "authenticity_token"=>"vYXNDjhNVN1BYli40yd2naWXbQsYSy7pXrABRHD8654=", "usermessage"=>{"message"=>"多多指教", "title"=>"第一次見面", "to_user_name"=>"nickto2"}}
  [4;35;1mUser Columns (15.0ms)[0m   [0mSHOW FIELDS FROM `users`[0m
  [4;36;1mUser Load (0.0ms)[0m   [0;1mSELECT * FROM `users` WHERE (`users`.`loginname` = 'nickto2') LIMIT 1[0m
  [4;35;1mUsermessage Columns (0.0ms)[0m   [0mSHOW FIELDS FROM `usermessages`[0m
  [4;36;1mSQL (0.0ms)[0m   [0;1mBEGIN[0m
  [4;35;1mUsermessage Create (0.0ms)[0m   [0mINSERT INTO `usermessages` (`message`, `updated_at`, `title`, `to_user_id`, `from_user_id`, `created_at`) VALUES('多多指教', '2009-08-22 14:39:58', '第一次見面', 2, 1, '2009-08-22 14:39:58')[0m
  [4;36;1mSQL (0.0ms)[0m   [0;1mCOMMIT[0m
Redirected to http://localhost:3000/users/message
Completed in 125ms (DB: 15) | 302 Found [http://localhost/users/send_message]
  [4;35;1mSQL (0.0ms)[0m   [0mSET NAMES 'utf8'[0m
  [4;36;1mSQL (0.0ms)[0m   [0;1mSET SQL_AUTO_IS_NULL=0[0m


Processing UsersController#show (for 127.0.0.1 at 2009-08-22 22:39:59) [GET]
  Parameters: {"id"=>"message"}
  [4;35;1mUser Columns (0.0ms)[0m   [0mSHOW FIELDS FROM `users`[0m
  [4;36;1mUser Load (15.0ms)[0m   [0;1mSELECT * FROM `users` WHERE (`users`.`id` = 0) [0m

ActiveRecord::RecordNotFound (Couldn't find User with ID=message):
  app/controllers/users_controller.rb:16:in `show'

Rendered rescues/_trace (203.0ms)
Rendered rescues/_request_and_response (0.0ms)
Rendering rescues/layout (not_found)
  [4;35;1mSQL (0.0ms)[0m   [0mSET NAMES 'utf8'[0m
  [4;36;1mSQL (0.0ms)[0m   [0;1mSET SQL_AUTO_IS_NULL=0[0m


Processing UsersController#show (for 127.0.0.1 at 2009-08-22 22:40:23) [GET]
  Parameters: {"id"=>"message"}
  [4;35;1mUser Columns (15.0ms)[0m   [0mSHOW FIELDS FROM `users`[0m
  [4;36;1mUser Load (0.0ms)[0m   [0;1mSELECT * FROM `users` WHERE (`users`.`id` = 0) [0m

ActiveRecord::RecordNotFound (Couldn't find User with ID=message):
  app/controllers/users_controller.rb:16:in `show'

Rendered rescues/_trace (297.0ms)
Rendered rescues/_request_and_response (0.0ms)
Rendering rescues/layout (not_found)
  [4;35;1mSQL (15.0ms)[0m   [0mSET NAMES 'utf8'[0m
  [4;36;1mSQL (0.0ms)[0m   [0;1mSET SQL_AUTO_IS_NULL=0[0m


Processing UsersController#send_message (for 127.0.0.1 at 2009-08-22 22:40:29) [POST]
  Parameters: {"commit"=>"Send", "authenticity_token"=>"vYXNDjhNVN1BYli40yd2naWXbQsYSy7pXrABRHD8654=", "usermessage"=>{"message"=>"多多指教", "title"=>"第一次見面", "to_user_name"=>"nickto2"}}
  [4;35;1mUser Columns (0.0ms)[0m   [0mSHOW FIELDS FROM `users`[0m
  [4;36;1mUser Load (0.0ms)[0m   [0;1mSELECT * FROM `users` WHERE (`users`.`loginname` = 'nickto2') LIMIT 1[0m
  [4;35;1mUsermessage Columns (0.0ms)[0m   [0mSHOW FIELDS FROM `usermessages`[0m
  [4;36;1mSQL (0.0ms)[0m   [0;1mBEGIN[0m
  [4;35;1mUsermessage Create (0.0ms)[0m   [0mMysql::Error: Column 'from_user_id' cannot be null: INSERT INTO `usermessages` (`message`, `updated_at`, `title`, `to_user_id`, `from_user_id`, `created_at`) VALUES('多多指教', '2009-08-22 14:40:30', '第一次見面', 2, NULL, '2009-08-22 14:40:30')[0m
  [4;36;1mSQL (0.0ms)[0m   [0;1mROLLBACK[0m

ActiveRecord::StatementInvalid (Mysql::Error: Column 'from_user_id' cannot be null: INSERT INTO `usermessages` (`message`, `updated_at`, `title`, `to_user_id`, `from_user_id`, `created_at`) VALUES('多多指教', '2009-08-22 14:40:30', '第一次見面', 2, NULL, '2009-08-22 14:40:30')):
  app/controllers/users_controller.rb:106:in `send_message'
  app/controllers/users_controller.rb:101:in `send_message'

Rendered rescues/_trace (266.0ms)
Rendered rescues/_request_and_response (0.0ms)
Rendering rescues/layout (internal_server_error)
  [4;35;1mSQL (0.0ms)[0m   [0mSET NAMES 'utf8'[0m
  [4;36;1mSQL (0.0ms)[0m   [0;1mSET SQL_AUTO_IS_NULL=0[0m


Processing UsersController#message (for 127.0.0.1 at 2009-08-22 22:41:09) [GET]
  Parameters: {"id"=>"1"}
  [4;35;1mUsermessage Columns (16.0ms)[0m   [0mSHOW FIELDS FROM `usermessages`[0m
  [4;36;1mUsermessage Load (16.0ms)[0m   [0;1mSELECT * FROM `usermessages` WHERE (`usermessages`.`to_user_id` = '1') [0m
  [4;35;1mUsermessage Load (0.0ms)[0m   [0mSELECT * FROM `usermessages` WHERE (`usermessages`.`from_user_id` = '1') [0m
Rendering template within layouts/users
Rendering users/message
  [4;36;1mUser Columns (0.0ms)[0m   [0;1mSHOW FIELDS FROM `users`[0m
  [4;35;1mUser Load (0.0ms)[0m   [0mSELECT * FROM `users` WHERE (`users`.`id` = 2) [0m
Completed in 234ms (View: 125, DB: 32) | 200 OK [http://localhost/users/message/1]
  [4;36;1mSQL (0.0ms)[0m   [0;1mSET NAMES 'utf8'[0m
  [4;35;1mSQL (0.0ms)[0m   [0mSET SQL_AUTO_IS_NULL=0[0m


Processing UsersController#message (for 127.0.0.1 at 2009-08-22 22:43:14) [GET]
  Parameters: {"id"=>"2"}
  [4;36;1mUsermessage Columns (0.0ms)[0m   [0;1mSHOW FIELDS FROM `usermessages`[0m
  [4;35;1mUsermessage Load (0.0ms)[0m   [0mSELECT * FROM `usermessages` WHERE (`usermessages`.`to_user_id` = '2') [0m
  [4;36;1mUsermessage Load (0.0ms)[0m   [0;1mSELECT * FROM `usermessages` WHERE (`usermessages`.`from_user_id` = '2') [0m
Rendering template within layouts/users
Rendering users/message
  [4;35;1mUser Columns (0.0ms)[0m   [0mSHOW FIELDS FROM `users`[0m
  [4;36;1mUser Load (0.0ms)[0m   [0;1mSELECT * FROM `users` WHERE (`users`.`id` = 1) [0m
Completed in 141ms (View: 94, DB: 0) | 200 OK [http://localhost/users/message/2]
  [4;36;1mSQL (0.0ms)[0m   [0;1mSET NAMES 'utf8'[0m
  [4;35;1mSQL (0.0ms)[0m   [0mSET SQL_AUTO_IS_NULL=0[0m


Processing UsersController#index (for 127.0.0.1 at 2009-08-23 14:38:00) [GET]
  [4;36;1mUser Load (0.0ms)[0m   [0;1mSELECT * FROM `users` [0m
Rendering template within layouts/users
Rendering users/index
  [4;35;1mUser Columns (0.0ms)[0m   [0mSHOW FIELDS FROM `users`[0m
Completed in 312ms (View: 109, DB: 16) | 200 OK [http://localhost/users/]
  [4;36;1mSQL (0.0ms)[0m   [0;1mSET NAMES 'utf8'[0m
  [4;35;1mSQL (0.0ms)[0m   [0mSET SQL_AUTO_IS_NULL=0[0m


Processing UsersController#index (for 127.0.0.1 at 2009-08-23 14:39:32) [GET]
  [4;36;1mUser Load (0.0ms)[0m   [0;1mSELECT * FROM `users` [0m
Rendering template within layouts/users
Rendering users/index
  [4;35;1mUser Columns (16.0ms)[0m   [0mSHOW FIELDS FROM `users`[0m
Completed in 109ms (View: 31, DB: 16) | 200 OK [http://localhost/users/]
  [4;36;1mSQL (0.0ms)[0m   [0;1mSET NAMES 'utf8'[0m
  [4;35;1mSQL (0.0ms)[0m   [0mSET SQL_AUTO_IS_NULL=0[0m


Processing UsersController#index (for 127.0.0.1 at 2009-08-23 14:40:17) [GET]
  [4;36;1mUser Load (0.0ms)[0m   [0;1mSELECT * FROM `users` [0m
Rendering template within layouts/users
Rendering users/index
  [4;35;1mUser Columns (15.0ms)[0m   [0mSHOW FIELDS FROM `users`[0m
Completed in 109ms (View: 31, DB: 15) | 200 OK [http://localhost/users/]
  [4;36;1mSQL (0.0ms)[0m   [0;1mSET NAMES 'utf8'[0m
  [4;35;1mSQL (0.0ms)[0m   [0mSET SQL_AUTO_IS_NULL=0[0m


Processing UsersController#index (for 127.0.0.1 at 2009-08-23 14:40:34) [GET]
  [4;36;1mUser Load (16.0ms)[0m   [0;1mSELECT * FROM `users` [0m
Rendering template within layouts/users
Rendering users/index
  [4;35;1mUser Columns (0.0ms)[0m   [0mSHOW FIELDS FROM `users`[0m
Completed in 110ms (View: 47, DB: 16) | 200 OK [http://localhost/users/]
  [4;36;1mSQL (0.0ms)[0m   [0;1mSET NAMES 'utf8'[0m
  [4;35;1mSQL (0.0ms)[0m   [0mSET SQL_AUTO_IS_NULL=0[0m


Processing UsersController#index (for 127.0.0.1 at 2009-08-23 14:41:51) [GET]
  [4;36;1mUser Load (0.0ms)[0m   [0;1mSELECT * FROM `users` [0m
Rendering template within layouts/users
Rendering users/index
  [4;35;1mUser Columns (0.0ms)[0m   [0mSHOW FIELDS FROM `users`[0m
Completed in 109ms (View: 47, DB: 0) | 200 OK [http://localhost/users/]
  [4;36;1mSQL (0.0ms)[0m   [0;1mSET NAMES 'utf8'[0m
  [4;35;1mSQL (0.0ms)[0m   [0mSET SQL_AUTO_IS_NULL=0[0m


Processing UsersController#index (for 127.0.0.1 at 2009-08-23 14:42:18) [GET]
  [4;36;1mUser Load (0.0ms)[0m   [0;1mSELECT * FROM `users` [0m
Rendering template within layouts/users
Rendering users/index
  [4;35;1mUser Columns (15.0ms)[0m   [0mSHOW FIELDS FROM `users`[0m
Completed in 312ms (View: 172, DB: 15) | 200 OK [http://localhost/users/]
  [4;36;1mSQL (0.0ms)[0m   [0;1mSET NAMES 'utf8'[0m
  [4;35;1mSQL (0.0ms)[0m   [0mSET SQL_AUTO_IS_NULL=0[0m


Processing UsersController#index (for 127.0.0.1 at 2009-08-23 14:42:48) [GET]
  [4;36;1mUser Load (0.0ms)[0m   [0;1mSELECT * FROM `users` [0m
Rendering template within layouts/users
Rendering users/index
  [4;35;1mUser Columns (0.0ms)[0m   [0mSHOW FIELDS FROM `users`[0m
Completed in 125ms (View: 32, DB: 15) | 200 OK [http://localhost/users/]
  [4;36;1mSQL (0.0ms)[0m   [0;1mSET NAMES 'utf8'[0m
  [4;35;1mSQL (0.0ms)[0m   [0mSET SQL_AUTO_IS_NULL=0[0m


Processing UsersController#index (for 127.0.0.1 at 2009-08-23 14:44:07) [GET]
  [4;36;1mUser Load (0.0ms)[0m   [0;1mSELECT * FROM `users` [0m
Rendering template within layouts/users
Rendering users/index
  [4;35;1mUser Columns (0.0ms)[0m   [0mSHOW FIELDS FROM `users`[0m
Completed in 109ms (View: 31, DB: 16) | 200 OK [http://localhost/users/]
  [4;36;1mSQL (0.0ms)[0m   [0;1mSET NAMES 'utf8'[0m
  [4;35;1mSQL (0.0ms)[0m   [0mSET SQL_AUTO_IS_NULL=0[0m


Processing UsersController#index (for 127.0.0.1 at 2009-08-23 14:44:54) [GET]
  [4;36;1mUser Load (0.0ms)[0m   [0;1mSELECT * FROM `users` [0m
Rendering template within layouts/users
Rendering users/index
  [4;35;1mUser Columns (15.0ms)[0m   [0mSHOW FIELDS FROM `users`[0m
Completed in 110ms (View: 32, DB: 15) | 200 OK [http://localhost/users/]
  [4;36;1mSQL (0.0ms)[0m   [0;1mSET NAMES 'utf8'[0m
  [4;35;1mSQL (0.0ms)[0m   [0mSET SQL_AUTO_IS_NULL=0[0m


Processing UsersController#index (for 127.0.0.1 at 2009-08-23 15:01:59) [GET]
  [4;36;1mUser Load (0.0ms)[0m   [0;1mSELECT * FROM `users` [0m
Rendering template within layouts/users
Rendering users/index
  [4;35;1mUser Columns (16.0ms)[0m   [0mSHOW FIELDS FROM `users`[0m
Completed in 109ms (View: 31, DB: 16) | 200 OK [http://localhost/users/]
  [4;36;1mSQL (0.0ms)[0m   [0;1mSET NAMES 'utf8'[0m
  [4;35;1mSQL (0.0ms)[0m   [0mSET SQL_AUTO_IS_NULL=0[0m


Processing UsersController#index (for 127.0.0.1 at 2009-08-23 15:03:31) [GET]
  [4;36;1mUser Load (0.0ms)[0m   [0;1mSELECT * FROM `users` [0m
Rendering template within layouts/users
Rendering users/index
  [4;35;1mUser Columns (0.0ms)[0m   [0mSHOW FIELDS FROM `users`[0m
Completed in 125ms (View: 63, DB: 0) | 200 OK [http://localhost/users/]
  [4;36;1mSQL (0.0ms)[0m   [0;1mSET NAMES 'utf8'[0m
  [4;35;1mSQL (0.0ms)[0m   [0mSET SQL_AUTO_IS_NULL=0[0m


Processing UsersController#show (for 127.0.0.1 at 2009-08-23 15:14:11) [GET]
  Parameters: {"id"=>"1"}
  [4;36;1mUser Columns (0.0ms)[0m   [0;1mSHOW FIELDS FROM `users`[0m
  [4;35;1mUser Load (0.0ms)[0m   [0mSELECT * FROM `users` WHERE (`users`.`id` = 1) [0m
Rendering template within layouts/users
Rendering users/show
Completed in 688ms (View: 609, DB: 0) | 200 OK [http://localhost/users/1]
  [4;36;1mSQL (0.0ms)[0m   [0;1mSET NAMES 'utf8'[0m
  [4;35;1mSQL (0.0ms)[0m   [0mSET SQL_AUTO_IS_NULL=0[0m


Processing ApplicationController#index (for 127.0.0.1 at 2009-08-23 15:46:46) [GET]

LoadError (Expected C:/Development/sofo/app/controllers/sofo_controller.rb to define SofoController):
  app/controllers/authorized_controller.rb:2
  app/controllers/users_controller.rb:1

Rendered rescues/_trace (219.0ms)
Rendered rescues/_request_and_response (0.0ms)
Rendering rescues/layout (internal_server_error)
  [4;36;1mSQL (0.0ms)[0m   [0;1mSET NAMES 'utf8'[0m
  [4;35;1mSQL (0.0ms)[0m   [0mSET SQL_AUTO_IS_NULL=0[0m


Processing UsersController#index (for 127.0.0.1 at 2009-08-23 15:47:27) [GET]
  [4;36;1mUser Columns (15.0ms)[0m   [0;1mSHOW FIELDS FROM `users`[0m
  [4;35;1mSQL (0.0ms)[0m   [0mSHOW TABLES[0m

NoMethodError (undefined method `find_by_name' for #<Class:0x3829fa8>):
  app/controllers/authorized_controller.rb:7:in `authorize'

Rendered rescues/_trace (438.0ms)
Rendered rescues/_request_and_response (0.0ms)
Rendering rescues/layout (internal_server_error)
  [4;36;1mSQL (0.0ms)[0m   [0;1mSET NAMES 'utf8'[0m
  [4;35;1mSQL (0.0ms)[0m   [0mSET SQL_AUTO_IS_NULL=0[0m


Processing UsersController#index (for 127.0.0.1 at 2009-08-23 15:47:47) [GET]
  [4;36;1mUser Columns (16.0ms)[0m   [0;1mSHOW FIELDS FROM `users`[0m
  [4;35;1mUser Load (0.0ms)[0m   [0mSELECT * FROM `users` WHERE (`users`.`id` = '2') LIMIT 1[0m
  [4;36;1mUser Load (0.0ms)[0m   [0;1mSELECT * FROM `users` [0m
Rendering template within layouts/users
Rendering users/index
Completed in 156ms (View: 78, DB: 16) | 200 OK [http://localhost/users/]
  [4;35;1mSQL (0.0ms)[0m   [0mSET NAMES 'utf8'[0m
  [4;36;1mSQL (0.0ms)[0m   [0;1mSET SQL_AUTO_IS_NULL=0[0m


Processing UsersController#index (for 127.0.0.1 at 2009-08-23 15:48:07) [GET]
  [4;35;1mUser Columns (0.0ms)[0m   [0mSHOW FIELDS FROM `users`[0m
  [4;36;1mUser Load (0.0ms)[0m   [0;1mSELECT * FROM `users` WHERE (`users`.`id` = '2') LIMIT 1[0m
  [4;35;1mUser Load (0.0ms)[0m   [0mSELECT * FROM `users` [0m
Rendering template within layouts/users
Rendering users/index
Completed in 110ms (View: 32, DB: 0) | 200 OK [http://localhost/users/]
  [4;36;1mSQL (0.0ms)[0m   [0;1mSET NAMES 'utf8'[0m
  [4;35;1mSQL (0.0ms)[0m   [0mSET SQL_AUTO_IS_NULL=0[0m


Processing UsersController#index (for 127.0.0.1 at 2009-08-23 15:48:55) [GET]
  [4;36;1mUser Columns (16.0ms)[0m   [0;1mSHOW FIELDS FROM `users`[0m
  [4;35;1mUser Load (0.0ms)[0m   [0mSELECT * FROM `users` WHERE (`users`.`loginname` IS NULL) LIMIT 1[0m
Redirected to http://localhost:3000/admin/login
Filter chain halted as [:authorize] rendered_or_redirected.
Completed in 63ms (DB: 16) | 302 Found [http://localhost/users/]
  [4;36;1mSQL (0.0ms)[0m   [0;1mSET NAMES 'utf8'[0m
  [4;35;1mSQL (0.0ms)[0m   [0mSET SQL_AUTO_IS_NULL=0[0m


Processing AdminController#login (for 127.0.0.1 at 2009-08-23 15:48:56) [GET]
Rendering admin/login
Completed in 63ms (View: 63, DB: 0) | 200 OK [http://localhost/admin/login]
  [4;36;1mSQL (47.0ms)[0m   [0;1mSET NAMES 'utf8'[0m
  [4;35;1mSQL (16.0ms)[0m   [0mSET SQL_AUTO_IS_NULL=0[0m


Processing UsersController#index (for 127.0.0.1 at 2009-08-24 14:32:52) [GET]
  [4;36;1mUser Columns (63.0ms)[0m   [0;1mSHOW FIELDS FROM `users`[0m
  [4;35;1mUser Load (0.0ms)[0m   [0mSELECT * FROM `users` WHERE (`users`.`loginname` IS NULL) LIMIT 1[0m
Redirected to http://localhost:3000/admin/login
Filter chain halted as [:authorize] rendered_or_redirected.
Completed in 2141ms (DB: 235) | 302 Found [http://localhost/users]
  [4;36;1mSQL (0.0ms)[0m   [0;1mSET NAMES 'utf8'[0m
  [4;35;1mSQL (0.0ms)[0m   [0mSET SQL_AUTO_IS_NULL=0[0m


Processing AdminController#login (for 127.0.0.1 at 2009-08-24 14:32:55) [GET]
Rendering admin/login
Completed in 140ms (View: 109, DB: 0) | 200 OK [http://localhost/admin/login]
  [4;36;1mSQL (0.0ms)[0m   [0;1mSET NAMES 'utf8'[0m
  [4;35;1mSQL (0.0ms)[0m   [0mSET SQL_AUTO_IS_NULL=0[0m


Processing AdminController#login (for 127.0.0.1 at 2009-08-24 14:35:46) [POST]
  Parameters: {"commit"=>"Login", "authenticity_token"=>"CsOVzmrl0I648gVRj1LU278LnGbhDaoj21UMj2G8fiM=", "loginname"=>"nickto", "password"=>"Abcd1234"}
  [4;36;1mUser Columns (0.0ms)[0m   [0;1mSHOW FIELDS FROM `users`[0m
  [4;35;1mUser Load (0.0ms)[0m   [0mSELECT * FROM `users` WHERE (`users`.`loginname` = 'nickto') LIMIT 1[0m

NoMethodError (undefined method `name' for #<User:0x387ed3c>):
  app/controllers/admin_controller.rb:7:in `login'

Rendered rescues/_trace (329.0ms)
Rendered rescues/_request_and_response (15.0ms)
Rendering rescues/layout (internal_server_error)
  [4;36;1mSQL (0.0ms)[0m   [0;1mSET NAMES 'utf8'[0m
  [4;35;1mSQL (15.0ms)[0m   [0mSET SQL_AUTO_IS_NULL=0[0m


Processing AdminController#login (for 127.0.0.1 at 2009-08-24 14:36:34) [POST]
  Parameters: {"commit"=>"Login", "authenticity_token"=>"CsOVzmrl0I648gVRj1LU278LnGbhDaoj21UMj2G8fiM=", "loginname"=>"nickto", "password"=>"Abcd1234"}
  [4;36;1mUser Columns (16.0ms)[0m   [0;1mSHOW FIELDS FROM `users`[0m
  [4;35;1mUser Load (15.0ms)[0m   [0mSELECT * FROM `users` WHERE (`users`.`loginname` = 'nickto') LIMIT 1[0m

NoMethodError (undefined method `name' for #<User:0x3a66640>):
  app/controllers/admin_controller.rb:7:in `login'

Rendered rescues/_trace (218.0ms)
Rendered rescues/_request_and_response (16.0ms)
Rendering rescues/layout (internal_server_error)
  [4;36;1mSQL (0.0ms)[0m   [0;1mSET NAMES 'utf8'[0m
  [4;35;1mSQL (0.0ms)[0m   [0mSET SQL_AUTO_IS_NULL=0[0m


Processing AdminController#login (for 127.0.0.1 at 2009-08-24 14:36:48) [POST]
  Parameters: {"commit"=>"Login", "authenticity_token"=>"CsOVzmrl0I648gVRj1LU278LnGbhDaoj21UMj2G8fiM=", "loginname"=>"nickto", "password"=>"Abcd1234"}
  [4;36;1mUser Columns (16.0ms)[0m   [0;1mSHOW FIELDS FROM `users`[0m
  [4;35;1mUser Load (0.0ms)[0m   [0mSELECT * FROM `users` WHERE (`users`.`loginname` = 'nickto') LIMIT 1[0m
Redirected to http://localhost:3000/admin
Completed in 125ms (DB: 16) | 302 Found [http://localhost/admin/login]
  [4;36;1mSQL (0.0ms)[0m   [0;1mSET NAMES 'utf8'[0m
  [4;35;1mSQL (0.0ms)[0m   [0mSET SQL_AUTO_IS_NULL=0[0m


Processing AdminController#index (for 127.0.0.1 at 2009-08-24 14:36:49) [GET]

ActionController::UnknownAction (No action responded to index. Actions: back, login, and logout):
  

Rendering rescues/layout (not_found)
  [4;36;1mSQL (0.0ms)[0m   [0;1mSET NAMES 'utf8'[0m
  [4;35;1mSQL (0.0ms)[0m   [0mSET SQL_AUTO_IS_NULL=0[0m


Processing UsersController#index (for 127.0.0.1 at 2009-08-24 14:41:55) [GET]
  [4;36;1mUser Columns (0.0ms)[0m   [0;1mSHOW FIELDS FROM `users`[0m
  [4;35;1mUser Load (0.0ms)[0m   [0mSELECT * FROM `users` WHERE (`users`.`loginname` IS NULL) LIMIT 1[0m
Redirected to http://localhost:3000/admin/login
Filter chain halted as [:authorize] rendered_or_redirected.
Completed in 156ms (DB: 0) | 302 Found [http://localhost/users]
  [4;36;1mSQL (0.0ms)[0m   [0;1mSET NAMES 'utf8'[0m
  [4;35;1mSQL (0.0ms)[0m   [0mSET SQL_AUTO_IS_NULL=0[0m


Processing AdminController#login (for 127.0.0.1 at 2009-08-24 14:41:55) [GET]
Rendering admin/login
Completed in 15ms (View: 0, DB: 0) | 200 OK [http://localhost/admin/login]
  [4;36;1mSQL (0.0ms)[0m   [0;1mSET NAMES 'utf8'[0m
  [4;35;1mSQL (0.0ms)[0m   [0mSET SQL_AUTO_IS_NULL=0[0m


Processing AdminController#login (for 127.0.0.1 at 2009-08-24 14:42:07) [POST]
  Parameters: {"commit"=>"Login", "authenticity_token"=>"CsOVzmrl0I648gVRj1LU278LnGbhDaoj21UMj2G8fiM=", "loginname"=>"nickto", "password"=>"Abcd1234"}
  [4;36;1mUser Columns (15.0ms)[0m   [0;1mSHOW FIELDS FROM `users`[0m
  [4;35;1mUser Load (0.0ms)[0m   [0mSELECT * FROM `users` WHERE (`users`.`loginname` = 'nickto') LIMIT 1[0m
Redirected to http://localhost:3000/admin/login
Completed in 94ms (DB: 15) | 302 Found [http://localhost/admin/login]
  [4;36;1mSQL (0.0ms)[0m   [0;1mSET NAMES 'utf8'[0m
  [4;35;1mSQL (0.0ms)[0m   [0mSET SQL_AUTO_IS_NULL=0[0m


Processing AdminController#login (for 127.0.0.1 at 2009-08-24 14:42:08) [GET]
Rendering admin/login
Completed in 15ms (View: 0, DB: 15) | 200 OK [http://localhost/admin/login]
  [4;36;1mSQL (0.0ms)[0m   [0;1mSET NAMES 'utf8'[0m
  [4;35;1mSQL (0.0ms)[0m   [0mSET SQL_AUTO_IS_NULL=0[0m


Processing UsersController#index (for 127.0.0.1 at 2009-08-24 14:42:42) [GET]
  [4;36;1mUser Columns (0.0ms)[0m   [0;1mSHOW FIELDS FROM `users`[0m
  [4;35;1mUser Load (0.0ms)[0m   [0mSELECT * FROM `users` WHERE (`users`.`loginname` IS NULL) LIMIT 1[0m
Redirected to http://localhost:3000/admin/login
Filter chain halted as [:authorize] rendered_or_redirected.
Completed in 63ms (DB: 0) | 302 Found [http://localhost/users]
  [4;36;1mSQL (0.0ms)[0m   [0;1mSET NAMES 'utf8'[0m
  [4;35;1mSQL (0.0ms)[0m   [0mSET SQL_AUTO_IS_NULL=0[0m


Processing AdminController#login (for 127.0.0.1 at 2009-08-24 14:42:42) [GET]
Rendering admin/login
Completed in 15ms (View: 0, DB: 0) | 200 OK [http://localhost/admin/login]
  [4;36;1mSQL (0.0ms)[0m   [0;1mSET NAMES 'utf8'[0m
  [4;35;1mSQL (0.0ms)[0m   [0mSET SQL_AUTO_IS_NULL=0[0m


Processing AdminController#login (for 127.0.0.1 at 2009-08-24 14:42:50) [POST]
  Parameters: {"commit"=>"Login", "authenticity_token"=>"CsOVzmrl0I648gVRj1LU278LnGbhDaoj21UMj2G8fiM=", "loginname"=>"nickto", "password"=>"Abcd1234"}
  [4;36;1mUser Columns (15.0ms)[0m   [0;1mSHOW FIELDS FROM `users`[0m
  [4;35;1mUser Load (0.0ms)[0m   [0mSELECT * FROM `users` WHERE (`users`.`loginname` = 'nickto') LIMIT 1[0m
Redirected to http://localhost:3000/admin/login
Completed in 94ms (DB: 15) | 302 Found [http://localhost/admin/login]
  [4;36;1mSQL (0.0ms)[0m   [0;1mSET NAMES 'utf8'[0m
  [4;35;1mSQL (0.0ms)[0m   [0mSET SQL_AUTO_IS_NULL=0[0m


Processing AdminController#login (for 127.0.0.1 at 2009-08-24 14:42:50) [GET]
Rendering admin/login
Completed in 16ms (View: 0, DB: 0) | 200 OK [http://localhost/admin/login]
